<?xml version="1.0" encoding="UTF-8"?>
<!-- Generated by org.testng.reporters.JUnitReportReporter -->
<testsuite hostname="CPDK301" failures="0" tests="1" name="com.AttendanceManagementTest.main.com.AttendanceManagement.AttendanceModule.AttendanceTest" time="30.612" errors="0" timestamp="2025-02-18T13:33:54 IST" skipped="0">
  <testcase classname="com.AttendanceManagementTest.main.com.AttendanceManagement.AttendanceModule.AttendanceTest" name="testViewAllAttendances" time="30.612"/>
</testsuite> <!-- com.AttendanceManagementTest.main.com.AttendanceManagement.AttendanceModule.AttendanceTest -->
