<?xml version="1.0" encoding="UTF-8"?>
<!-- Generated by org.testng.reporters.JUnitReportReporter -->
<testsuite hostname="CPDK301" failures="0" tests="6" name="com.AttendanceManagementTest.main.AttendanceTest" time="97.707" errors="0" timestamp="2025-02-18T14:20:53 IST" skipped="0">
  <testcase classname="com.AttendanceManagementTest.main.AttendanceTest" name="testAdminLogin" time="10.116"/>
  <testcase classname="com.AttendanceManagementTest.main.AttendanceTest" name="testMarkAttendance" time="10.754"/>
  <testcase classname="com.AttendanceManagementTest.main.AttendanceTest" name="testViewAttendanceHistory" time="9.683"/>
  <testcase classname="com.AttendanceManagementTest.main.AttendanceTest" name="testViewStudentAttendances" time="25.628"/>
  <testcase classname="com.AttendanceManagementTest.main.AttendanceTest" name="testViewTeacherAttendances" time="19.736"/>
  <testcase classname="com.AttendanceManagementTest.main.AttendanceTest" name="testViewAllAttendances" time="21.790"/>
</testsuite> <!-- com.AttendanceManagementTest.main.AttendanceTest -->
