<?xml version="1.0" encoding="UTF-8"?>
<!-- Generated by org.testng.reporters.JUnitReportReporter -->
<testsuite hostname="CPDK301" failures="0" tests="5" name="com.selenium_dev.test.ExtentReport" time="6.693" errors="0" timestamp="2025-02-06T11:41:56 IST" skipped="0">
  <testcase classname="com.selenium_dev.test.ExtentReport" name="NavigateToDownloads" time="2.767"/>
  <testcase classname="com.selenium_dev.test.ExtentReport" name="ClickOnBrowsers" time="0.755"/>
  <testcase classname="com.selenium_dev.test.ExtentReport" name="CheckforFirefoxLogos" time="1.066"/>
  <testcase classname="com.selenium_dev.test.ExtentReport" name="CheckforChromeLogos" time="1.053"/>
  <testcase classname="com.selenium_dev.test.ExtentReport" name="CheckforEdgeLogos" time="1.052"/>
</testsuite> <!-- com.selenium_dev.test.ExtentReport -->
