<?xml version="1.0" encoding="UTF-8"?>
<!-- Generated by org.testng.reporters.JUnitReportReporter -->
<testsuite hostname="CPDK301" failures="0" tests="5" name="com.selenium_dev.main.SeleniumDevTest1" time="6.831" errors="0" timestamp="2025-02-05T13:40:59 IST" skipped="0">
  <testcase classname="com.selenium_dev.main.SeleniumDevTest1" name="NavigateToDownloads" time="2.910"/>
  <testcase classname="com.selenium_dev.main.SeleniumDevTest1" name="ClickOnBrowsers" time="0.779"/>
  <testcase classname="com.selenium_dev.main.SeleniumDevTest1" name="CheckforFirefoxLogos" time="1.050"/>
  <testcase classname="com.selenium_dev.main.SeleniumDevTest1" name="CheckforChromeLogos" time="1.043"/>
  <testcase classname="com.selenium_dev.main.SeleniumDevTest1" name="CheckforEdgeLogos" time="1.049"/>
</testsuite> <!-- com.selenium_dev.main.SeleniumDevTest1 -->
